<?xml version="1.0" encoding="UTF-8"?>
<!-- Generated by org.testng.reporters.JUnitReportReporter -->
<testsuite hostname="LAPTOP-FDBR06OL" failures="0" tests="2" name="com.TestNG.AnnotationsDemo" time="0.038" errors="0" timestamp="2023-04-25T10:31:17 MDT" skipped="0">
  <testcase classname="com.TestNG.AnnotationsDemo" name="googleTitleTest" time="0.031"/>
  <system-out/>
  <testcase classname="com.TestNG.AnnotationsDemo" name="homePageTest" time="0.007"/>
  <system-out/>
</testsuite> <!-- com.TestNG.AnnotationsDemo -->
