<?xml version="1.0" encoding="UTF-8"?>
<!-- Generated by org.testng.reporters.JUnitReportReporter -->
<testsuite hostname="LAPTOP-FDBR06OL" failures="0" tests="10" name="com.TestNG.InvocationCountTest" time="0.084" errors="0" timestamp="2023-04-17T13:18:07 MDT" skipped="0">
  <testcase classname="com.TestNG.InvocationCountTest" name="sum" time="0.002"/>
  <system-out/>
  <testcase classname="com.TestNG.InvocationCountTest" name="sum" time="0.025"/>
  <system-out/>
  <testcase classname="com.TestNG.InvocationCountTest" name="sum" time="0.009"/>
  <system-out/>
  <testcase classname="com.TestNG.InvocationCountTest" name="sum" time="0.009"/>
  <system-out/>
  <testcase classname="com.TestNG.InvocationCountTest" name="sum" time="0.005"/>
  <system-out/>
  <testcase classname="com.TestNG.InvocationCountTest" name="sum" time="0.007"/>
  <system-out/>
  <testcase classname="com.TestNG.InvocationCountTest" name="sum" time="0.007"/>
  <system-out/>
  <testcase classname="com.TestNG.InvocationCountTest" name="sum" time="0.003"/>
  <system-out/>
  <testcase classname="com.TestNG.InvocationCountTest" name="sum" time="0.009"/>
  <system-out/>
  <testcase classname="com.TestNG.InvocationCountTest" name="sum" time="0.008"/>
  <system-out/>
</testsuite> <!-- com.TestNG.InvocationCountTest -->
