<?xml version="1.0" encoding="UTF-8"?>
<!-- Generated by org.testng.reporters.JUnitReportReporter -->
<testsuite hostname="LAPTOP-FDBR06OL" failures="0" tests="1" name="mymaven.AnnotationsDemo" time="67.660" errors="0" timestamp="2023-04-10T16:50:44 MDT" skipped="0">
  <testcase classname="mymaven.AnnotationsDemo" name="sampleAutomation" time="67.660"/>
  <system-out/>
</testsuite> <!-- mymaven.AnnotationsDemo -->
