<?xml version="1.0" encoding="UTF-8"?>
<!-- Generated by org.testng.reporters.JUnitReportReporter -->
<testsuite hostname="LAPTOP-FDBR06OL" failures="0" tests="2" name="com.TestNG.TestNGFeatures" time="0.008" errors="0" timestamp="2023-04-17T13:18:07 MDT" skipped="0">
  <testcase classname="com.TestNG.TestNGFeatures" name="HomePageTest" time="0.007"/>
  <system-out/>
  <testcase classname="com.TestNG.TestNGFeatures" name="loginTest" time="0.001"/>
  <system-out/>
</testsuite> <!-- com.TestNG.TestNGFeatures -->
